{"C:\\Users\\Администратор\\Desktop\\Хусан\\redux\\practice\\redux-starter\\src\\math.js": {"path":"C:\\Users\\Администратор\\Desktop\\Хусан\\redux\\practice\\redux-starter\\src\\math.js","statementMap":{"0":{"start":{"line":1,"column":22},"end":{"line":1,"column":42}},"1":{"start":{"line":1,"column":29},"end":{"line":1,"column":42}}},"fnMap":{"0":{"name":"(anonymous_0)","decl":{"start":{"line":1,"column":22},"end":{"line":1,"column":23}},"loc":{"start":{"line":1,"column":29},"end":{"line":1,"column":42}},"line":1}},"branchMap":{},"s":{"0":1,"1":2},"f":{"0":2},"b":{},"_coverageSchema":"1a1c01bbd47fc00a2c39e90264f33305004495a9","hash":"360f591b65b256fed522daefe516d0eca4b82a16"}
,"C:\\Users\\Администратор\\Desktop\\Хусан\\redux\\practice\\redux-starter\\src\\store\\api.js": {"path":"C:\\Users\\Администратор\\Desktop\\Хусан\\redux\\practice\\redux-starter\\src\\store\\api.js","statementMap":{"0":{"start":{"line":3,"column":28},"end":{"line":3,"column":57}},"1":{"start":{"line":4,"column":30},"end":{"line":4,"column":61}},"2":{"start":{"line":5,"column":29},"end":{"line":5,"column":59}}},"fnMap":{},"branchMap":{},"s":{"0":1,"1":1,"2":1},"f":{},"b":{},"_coverageSchema":"1a1c01bbd47fc00a2c39e90264f33305004495a9","hash":"54bc3fd6ddc9939449d501e3c1c0136840e11782"}
,"C:\\Users\\Администратор\\Desktop\\Хусан\\redux\\practice\\redux-starter\\src\\store\\configureStore.js": {"path":"C:\\Users\\Администратор\\Desktop\\Хусан\\redux\\practice\\redux-starter\\src\\store\\configureStore.js","statementMap":{"0":{"start":{"line":7,"column":4},"end":{"line":7,"column":118}}},"fnMap":{"0":{"name":"(anonymous_0)","decl":{"start":{"line":6,"column":15},"end":{"line":6,"column":16}},"loc":{"start":{"line":6,"column":27},"end":{"line":8,"column":1}},"line":6}},"branchMap":{},"s":{"0":2},"f":{"0":2},"b":{},"_coverageSchema":"1a1c01bbd47fc00a2c39e90264f33305004495a9","hash":"579b80428c88d733a77b270baed664d0bdd500ce"}
,"C:\\Users\\Администратор\\Desktop\\Хусан\\redux\\practice\\redux-starter\\src\\store\\entities.js": {"path":"C:\\Users\\Администратор\\Desktop\\Хусан\\redux\\practice\\redux-starter\\src\\store\\entities.js","statementMap":{},"fnMap":{},"branchMap":{},"s":{},"f":{},"b":{},"_coverageSchema":"1a1c01bbd47fc00a2c39e90264f33305004495a9","hash":"1acf5f4ff2c35648a202120d4979ab5274f46dd7"}
,"C:\\Users\\Администратор\\Desktop\\Хусан\\redux\\practice\\redux-starter\\src\\store\\reducer.js": {"path":"C:\\Users\\Администратор\\Desktop\\Хусан\\redux\\practice\\redux-starter\\src\\store\\reducer.js","statementMap":{},"fnMap":{},"branchMap":{},"s":{},"f":{},"b":{},"_coverageSchema":"1a1c01bbd47fc00a2c39e90264f33305004495a9","hash":"25709f120d521db2b58e84663403d1d89392cbf2"}
,"C:\\Users\\Администратор\\Desktop\\Хусан\\redux\\practice\\redux-starter\\src\\store\\bugs\\reducer.js": {"path":"C:\\Users\\Администратор\\Desktop\\Хусан\\redux\\practice\\redux-starter\\src\\store\\bugs\\reducer.js","statementMap":{"0":{"start":{"line":11,"column":13},"end":{"line":11,"column":14}},"1":{"start":{"line":12,"column":14},"end":{"line":46,"column":2}},"2":{"start":{"line":21,"column":12},"end":{"line":21,"column":32}},"3":{"start":{"line":24,"column":12},"end":{"line":24,"column":39}},"4":{"start":{"line":25,"column":12},"end":{"line":25,"column":33}},"5":{"start":{"line":26,"column":12},"end":{"line":26,"column":40}},"6":{"start":{"line":29,"column":12},"end":{"line":29,"column":33}},"7":{"start":{"line":32,"column":12},"end":{"line":32,"column":42}},"8":{"start":{"line":35,"column":12},"end":{"line":35,"column":50}},"9":{"start":{"line":38,"column":26},"end":{"line":38,"column":82}},"10":{"start":{"line":38,"column":53},"end":{"line":38,"column":81}},"11":{"start":{"line":39,"column":12},"end":{"line":39,"column":45}},"12":{"start":{"line":42,"column":26},"end":{"line":42,"column":82}},"13":{"start":{"line":42,"column":53},"end":{"line":42,"column":81}},"14":{"start":{"line":43,"column":12},"end":{"line":43,"column":60}},"15":{"start":{"line":55,"column":4},"end":{"line":55,"column":17}},"16":{"start":{"line":60,"column":32},"end":{"line":63,"column":63}},"17":{"start":{"line":61,"column":13},"end":{"line":61,"column":32}},"18":{"start":{"line":62,"column":13},"end":{"line":62,"column":36}},"19":{"start":{"line":63,"column":24},"end":{"line":63,"column":62}},"20":{"start":{"line":63,"column":48},"end":{"line":63,"column":61}},"21":{"start":{"line":64,"column":31},"end":{"line":71,"column":1}},"22":{"start":{"line":65,"column":4},"end":{"line":70,"column":10}},"23":{"start":{"line":66,"column":17},"end":{"line":66,"column":36}},"24":{"start":{"line":67,"column":17},"end":{"line":67,"column":40}},"25":{"start":{"line":69,"column":12},"end":{"line":69,"column":65}},"26":{"start":{"line":69,"column":43},"end":{"line":69,"column":64}},"27":{"start":{"line":72,"column":12},"end":{"line":72,"column":19}},"28":{"start":{"line":82,"column":22},"end":{"line":87,"column":2}},"29":{"start":{"line":82,"column":31},"end":{"line":87,"column":2}},"30":{"start":{"line":88,"column":31},"end":{"line":93,"column":2}},"31":{"start":{"line":88,"column":50},"end":{"line":93,"column":2}},"32":{"start":{"line":94,"column":26},"end":{"line":99,"column":2}},"33":{"start":{"line":94,"column":37},"end":{"line":99,"column":2}},"34":{"start":{"line":100,"column":24},"end":{"line":113,"column":1}},"35":{"start":{"line":100,"column":30},"end":{"line":113,"column":1}},"36":{"start":{"line":101,"column":26},"end":{"line":101,"column":50}},"37":{"start":{"line":102,"column":23},"end":{"line":102,"column":66}},"38":{"start":{"line":103,"column":4},"end":{"line":103,"column":44}},"39":{"start":{"line":104,"column":4},"end":{"line":106,"column":5}},"40":{"start":{"line":105,"column":8},"end":{"line":105,"column":15}},"41":{"start":{"line":107,"column":4},"end":{"line":112,"column":7}}},"fnMap":{"0":{"name":"(anonymous_0)","decl":{"start":{"line":20,"column":23},"end":{"line":20,"column":24}},"loc":{"start":{"line":20,"column":41},"end":{"line":22,"column":9}},"line":20},"1":{"name":"(anonymous_1)","decl":{"start":{"line":23,"column":22},"end":{"line":23,"column":23}},"loc":{"start":{"line":23,"column":40},"end":{"line":27,"column":9}},"line":23},"2":{"name":"(anonymous_2)","decl":{"start":{"line":28,"column":27},"end":{"line":28,"column":28}},"loc":{"start":{"line":28,"column":45},"end":{"line":30,"column":9}},"line":28},"3":{"name":"(anonymous_3)","decl":{"start":{"line":31,"column":18},"end":{"line":31,"column":19}},"loc":{"start":{"line":31,"column":36},"end":{"line":33,"column":9}},"line":31},"4":{"name":"(anonymous_4)","decl":{"start":{"line":34,"column":20},"end":{"line":34,"column":21}},"loc":{"start":{"line":34,"column":38},"end":{"line":36,"column":9}},"line":34},"5":{"name":"(anonymous_5)","decl":{"start":{"line":37,"column":21},"end":{"line":37,"column":22}},"loc":{"start":{"line":37,"column":39},"end":{"line":40,"column":9}},"line":37},"6":{"name":"(anonymous_6)","decl":{"start":{"line":38,"column":46},"end":{"line":38,"column":47}},"loc":{"start":{"line":38,"column":53},"end":{"line":38,"column":81}},"line":38},"7":{"name":"(anonymous_7)","decl":{"start":{"line":41,"column":27},"end":{"line":41,"column":28}},"loc":{"start":{"line":41,"column":45},"end":{"line":44,"column":9}},"line":41},"8":{"name":"(anonymous_8)","decl":{"start":{"line":42,"column":46},"end":{"line":42,"column":47}},"loc":{"start":{"line":42,"column":53},"end":{"line":42,"column":81}},"line":42},"9":{"name":"(anonymous_9)","decl":{"start":{"line":61,"column":4},"end":{"line":61,"column":5}},"loc":{"start":{"line":61,"column":13},"end":{"line":61,"column":32}},"line":61},"10":{"name":"(anonymous_10)","decl":{"start":{"line":62,"column":4},"end":{"line":62,"column":5}},"loc":{"start":{"line":62,"column":13},"end":{"line":62,"column":36}},"line":62},"11":{"name":"(anonymous_11)","decl":{"start":{"line":63,"column":4},"end":{"line":63,"column":5}},"loc":{"start":{"line":63,"column":24},"end":{"line":63,"column":62}},"line":63},"12":{"name":"(anonymous_12)","decl":{"start":{"line":63,"column":41},"end":{"line":63,"column":42}},"loc":{"start":{"line":63,"column":48},"end":{"line":63,"column":61}},"line":63},"13":{"name":"(anonymous_13)","decl":{"start":{"line":64,"column":31},"end":{"line":64,"column":32}},"loc":{"start":{"line":64,"column":43},"end":{"line":71,"column":1}},"line":64},"14":{"name":"(anonymous_14)","decl":{"start":{"line":66,"column":8},"end":{"line":66,"column":9}},"loc":{"start":{"line":66,"column":17},"end":{"line":66,"column":36}},"line":66},"15":{"name":"(anonymous_15)","decl":{"start":{"line":67,"column":8},"end":{"line":67,"column":9}},"loc":{"start":{"line":67,"column":17},"end":{"line":67,"column":40}},"line":67},"16":{"name":"(anonymous_16)","decl":{"start":{"line":68,"column":8},"end":{"line":68,"column":9}},"loc":{"start":{"line":68,"column":28},"end":{"line":70,"column":9}},"line":68},"17":{"name":"(anonymous_17)","decl":{"start":{"line":69,"column":36},"end":{"line":69,"column":37}},"loc":{"start":{"line":69,"column":43},"end":{"line":69,"column":64}},"line":69},"18":{"name":"(anonymous_18)","decl":{"start":{"line":82,"column":22},"end":{"line":82,"column":23}},"loc":{"start":{"line":82,"column":31},"end":{"line":87,"column":2}},"line":82},"19":{"name":"(anonymous_19)","decl":{"start":{"line":88,"column":31},"end":{"line":88,"column":32}},"loc":{"start":{"line":88,"column":50},"end":{"line":93,"column":2}},"line":88},"20":{"name":"(anonymous_20)","decl":{"start":{"line":94,"column":26},"end":{"line":94,"column":27}},"loc":{"start":{"line":94,"column":37},"end":{"line":99,"column":2}},"line":94},"21":{"name":"(anonymous_21)","decl":{"start":{"line":100,"column":24},"end":{"line":100,"column":25}},"loc":{"start":{"line":100,"column":30},"end":{"line":113,"column":1}},"line":100},"22":{"name":"(anonymous_22)","decl":{"start":{"line":100,"column":30},"end":{"line":100,"column":31}},"loc":{"start":{"line":100,"column":54},"end":{"line":113,"column":1}},"line":100}},"branchMap":{"0":{"loc":{"start":{"line":104,"column":4},"end":{"line":106,"column":5}},"type":"if","locations":[{"start":{"line":104,"column":4},"end":{"line":106,"column":5}},{"start":{"line":104,"column":4},"end":{"line":106,"column":5}}],"line":104}},"s":{"0":1,"1":1,"2":0,"3":0,"4":0,"5":0,"6":0,"7":1,"8":0,"9":0,"10":0,"11":0,"12":0,"13":0,"14":0,"15":1,"16":1,"17":0,"18":0,"19":0,"20":0,"21":1,"22":0,"23":0,"24":0,"25":0,"26":0,"27":1,"28":1,"29":2,"30":1,"31":0,"32":1,"33":0,"34":1,"35":0,"36":0,"37":0,"38":0,"39":0,"40":0,"41":0},"f":{"0":0,"1":0,"2":0,"3":1,"4":0,"5":0,"6":0,"7":0,"8":0,"9":0,"10":0,"11":0,"12":0,"13":0,"14":0,"15":0,"16":0,"17":0,"18":2,"19":0,"20":0,"21":0,"22":0},"b":{"0":[0,0]},"_coverageSchema":"1a1c01bbd47fc00a2c39e90264f33305004495a9","hash":"7d1572518ee8a4a98454116fb57d3c591f627cc0"}
,"C:\\Users\\Администратор\\Desktop\\Хусан\\redux\\practice\\redux-starter\\src\\store\\middleware\\api.js": {"path":"C:\\Users\\Администратор\\Desktop\\Хусан\\redux\\practice\\redux-starter\\src\\store\\middleware\\api.js","statementMap":{"0":{"start":{"line":3,"column":12},"end":{"line":32,"column":1}},"1":{"start":{"line":3,"column":30},"end":{"line":32,"column":1}},"2":{"start":{"line":3,"column":38},"end":{"line":32,"column":1}},"3":{"start":{"line":4,"column":4},"end":{"line":5,"column":28}},"4":{"start":{"line":5,"column":8},"end":{"line":5,"column":28}},"5":{"start":{"line":7,"column":4},"end":{"line":7,"column":24}},"6":{"start":{"line":8,"column":63},"end":{"line":8,"column":77}},"7":{"start":{"line":9,"column":4},"end":{"line":11,"column":5}},"8":{"start":{"line":10,"column":8},"end":{"line":10,"column":35}},"9":{"start":{"line":12,"column":4},"end":{"line":12,"column":17}},"10":{"start":{"line":13,"column":4},"end":{"line":31,"column":5}},"11":{"start":{"line":14,"column":25},"end":{"line":19,"column":10}},"12":{"start":{"line":22,"column":8},"end":{"line":22,"column":55}},"13":{"start":{"line":24,"column":8},"end":{"line":24,"column":80}},"14":{"start":{"line":27,"column":8},"end":{"line":27,"column":35}},"15":{"start":{"line":28,"column":8},"end":{"line":28,"column":54}},"16":{"start":{"line":30,"column":8},"end":{"line":30,"column":77}}},"fnMap":{"0":{"name":"(anonymous_0)","decl":{"start":{"line":3,"column":12},"end":{"line":3,"column":13}},"loc":{"start":{"line":3,"column":30},"end":{"line":32,"column":1}},"line":3},"1":{"name":"(anonymous_1)","decl":{"start":{"line":3,"column":30},"end":{"line":3,"column":31}},"loc":{"start":{"line":3,"column":38},"end":{"line":32,"column":1}},"line":3},"2":{"name":"(anonymous_2)","decl":{"start":{"line":3,"column":38},"end":{"line":3,"column":39}},"loc":{"start":{"line":3,"column":54},"end":{"line":32,"column":1}},"line":3}},"branchMap":{"0":{"loc":{"start":{"line":4,"column":4},"end":{"line":5,"column":28}},"type":"if","locations":[{"start":{"line":4,"column":4},"end":{"line":5,"column":28}},{"start":{"line":4,"column":4},"end":{"line":5,"column":28}}],"line":4},"1":{"loc":{"start":{"line":9,"column":4},"end":{"line":11,"column":5}},"type":"if","locations":[{"start":{"line":9,"column":4},"end":{"line":11,"column":5}},{"start":{"line":9,"column":4},"end":{"line":11,"column":5}}],"line":9},"2":{"loc":{"start":{"line":24,"column":8},"end":{"line":24,"column":80}},"type":"cond-expr","locations":[{"start":{"line":24,"column":20},"end":{"line":24,"column":73}},{"start":{"line":24,"column":76},"end":{"line":24,"column":80}}],"line":24},"3":{"loc":{"start":{"line":30,"column":8},"end":{"line":30,"column":76}},"type":"cond-expr","locations":[{"start":{"line":30,"column":18},"end":{"line":30,"column":69}},{"start":{"line":30,"column":72},"end":{"line":30,"column":76}}],"line":30}},"s":{"0":1,"1":2,"2":2,"3":5,"4":3,"5":2,"6":2,"7":2,"8":0,"9":2,"10":2,"11":2,"12":1,"13":1,"14":1,"15":1,"16":1},"f":{"0":2,"1":2,"2":5},"b":{"0":[3,2],"1":[0,2],"2":[1,0],"3":[0,1]},"_coverageSchema":"1a1c01bbd47fc00a2c39e90264f33305004495a9","hash":"337c1c0f40e69c1f90b7fb1e5aebdaf977748d2c"}
,"C:\\Users\\Администратор\\Desktop\\Хусан\\redux\\practice\\redux-starter\\src\\store\\middleware\\error.js": {"path":"C:\\Users\\Администратор\\Desktop\\Хусан\\redux\\practice\\redux-starter\\src\\store\\middleware\\error.js","statementMap":{"0":{"start":{"line":1,"column":14},"end":{"line":7,"column":1}},"1":{"start":{"line":1,"column":23},"end":{"line":7,"column":1}},"2":{"start":{"line":1,"column":31},"end":{"line":7,"column":1}},"3":{"start":{"line":2,"column":4},"end":{"line":6,"column":5}},"4":{"start":{"line":3,"column":8},"end":{"line":3,"column":58}},"5":{"start":{"line":5,"column":8},"end":{"line":5,"column":27}}},"fnMap":{"0":{"name":"(anonymous_0)","decl":{"start":{"line":1,"column":14},"end":{"line":1,"column":15}},"loc":{"start":{"line":1,"column":23},"end":{"line":7,"column":1}},"line":1},"1":{"name":"(anonymous_1)","decl":{"start":{"line":1,"column":23},"end":{"line":1,"column":24}},"loc":{"start":{"line":1,"column":31},"end":{"line":7,"column":1}},"line":1},"2":{"name":"(anonymous_2)","decl":{"start":{"line":1,"column":31},"end":{"line":1,"column":32}},"loc":{"start":{"line":1,"column":41},"end":{"line":7,"column":1}},"line":1}},"branchMap":{"0":{"loc":{"start":{"line":2,"column":4},"end":{"line":6,"column":5}},"type":"if","locations":[{"start":{"line":2,"column":4},"end":{"line":6,"column":5}},{"start":{"line":2,"column":4},"end":{"line":6,"column":5}}],"line":2}},"s":{"0":1,"1":2,"2":2,"3":5,"4":0,"5":5},"f":{"0":2,"1":2,"2":5},"b":{"0":[0,5]},"_coverageSchema":"1a1c01bbd47fc00a2c39e90264f33305004495a9","hash":"9622a1115a77f1859e4b05aea4f2ba8515eb4b9b"}
,"C:\\Users\\Администратор\\Desktop\\Хусан\\redux\\practice\\redux-starter\\src\\store\\middleware\\logger.js": {"path":"C:\\Users\\Администратор\\Desktop\\Хусан\\redux\\practice\\redux-starter\\src\\store\\middleware\\logger.js","statementMap":{"0":{"start":{"line":1,"column":15},"end":{"line":4,"column":1}},"1":{"start":{"line":1,"column":22},"end":{"line":4,"column":1}},"2":{"start":{"line":1,"column":31},"end":{"line":4,"column":1}},"3":{"start":{"line":1,"column":39},"end":{"line":4,"column":1}},"4":{"start":{"line":2,"column":4},"end":{"line":2,"column":35}},"5":{"start":{"line":3,"column":4},"end":{"line":3,"column":23}}},"fnMap":{"0":{"name":"(anonymous_0)","decl":{"start":{"line":1,"column":15},"end":{"line":1,"column":16}},"loc":{"start":{"line":1,"column":22},"end":{"line":4,"column":1}},"line":1},"1":{"name":"(anonymous_1)","decl":{"start":{"line":1,"column":22},"end":{"line":1,"column":23}},"loc":{"start":{"line":1,"column":31},"end":{"line":4,"column":1}},"line":1},"2":{"name":"(anonymous_2)","decl":{"start":{"line":1,"column":31},"end":{"line":1,"column":32}},"loc":{"start":{"line":1,"column":39},"end":{"line":4,"column":1}},"line":1},"3":{"name":"(anonymous_3)","decl":{"start":{"line":1,"column":39},"end":{"line":1,"column":40}},"loc":{"start":{"line":1,"column":49},"end":{"line":4,"column":1}},"line":1}},"branchMap":{},"s":{"0":1,"1":2,"2":2,"3":2,"4":5,"5":5},"f":{"0":2,"1":2,"2":2,"3":5},"b":{},"_coverageSchema":"1a1c01bbd47fc00a2c39e90264f33305004495a9","hash":"b9924bcca61b0ca6b7bc623f7932633f2a20daac"}
,"C:\\Users\\Администратор\\Desktop\\Хусан\\redux\\practice\\redux-starter\\src\\store\\projects\\reducer.js": {"path":"C:\\Users\\Администратор\\Desktop\\Хусан\\redux\\practice\\redux-starter\\src\\store\\projects\\reducer.js","statementMap":{"0":{"start":{"line":2,"column":13},"end":{"line":2,"column":14}},"1":{"start":{"line":3,"column":14},"end":{"line":16,"column":2}},"2":{"start":{"line":8,"column":12},"end":{"line":11,"column":14}},"3":{"start":{"line":17,"column":30},"end":{"line":17,"column":43}}},"fnMap":{"0":{"name":"(anonymous_0)","decl":{"start":{"line":7,"column":20},"end":{"line":7,"column":21}},"loc":{"start":{"line":7,"column":42},"end":{"line":13,"column":9}},"line":7}},"branchMap":{},"s":{"0":1,"1":1,"2":0,"3":1},"f":{"0":0},"b":{},"_coverageSchema":"1a1c01bbd47fc00a2c39e90264f33305004495a9","hash":"4250ddea6e59a87a7b27a1b4cb7f8681c688f834"}
,"C:\\Users\\Администратор\\Desktop\\Хусан\\redux\\practice\\redux-starter\\src\\store\\users\\reducer.js": {"path":"C:\\Users\\Администратор\\Desktop\\Хусан\\redux\\practice\\redux-starter\\src\\store\\users\\reducer.js","statementMap":{"0":{"start":{"line":2,"column":13},"end":{"line":2,"column":14}},"1":{"start":{"line":3,"column":14},"end":{"line":16,"column":2}},"2":{"start":{"line":8,"column":12},"end":{"line":11,"column":14}},"3":{"start":{"line":17,"column":27},"end":{"line":17,"column":40}}},"fnMap":{"0":{"name":"(anonymous_0)","decl":{"start":{"line":7,"column":17},"end":{"line":7,"column":18}},"loc":{"start":{"line":7,"column":36},"end":{"line":13,"column":9}},"line":7}},"branchMap":{},"s":{"0":1,"1":1,"2":0,"3":1},"f":{"0":0},"b":{},"_coverageSchema":"1a1c01bbd47fc00a2c39e90264f33305004495a9","hash":"cf42c77de8a9dd92ef8ac11b94705e3e50ada491"}
}
